<?xml version="1.0" encoding="UTF-8"?>
<testng-results skipped="0" failed="0" total="25" passed="25">
  <reporter-output>
  </reporter-output>
  <suite name="Ant suite" duration-ms="3044" started-at="2013-04-07T16:26:22Z" finished-at="2013-04-07T16:26:25Z">
    <groups>
    </groups>
    <test name="Ant test" duration-ms="3044" started-at="2013-04-07T16:26:22Z" finished-at="2013-04-07T16:26:25Z">
      <class name="com.tw.ParallelTest">
        <test-method status="PASS" signature="parallelTest3()[pri:0, instance:com.tw.ParallelTest@76f8968f]" name="parallelTest3" duration-ms="209" started-at="2013-04-07T18:26:22Z" finished-at="2013-04-07T18:26:22Z">
          <reporter-output>
          </reporter-output>
        </test-method> <!-- parallelTest3 -->
        <test-method status="PASS" signature="parallelTest4()[pri:0, instance:com.tw.ParallelTest@76f8968f]" name="parallelTest4" duration-ms="307" started-at="2013-04-07T18:26:22Z" finished-at="2013-04-07T18:26:23Z">
          <reporter-output>
          </reporter-output>
        </test-method> <!-- parallelTest4 -->
        <test-method status="PASS" signature="parallelTest2()[pri:0, instance:com.tw.ParallelTest@76f8968f]" name="parallelTest2" duration-ms="209" started-at="2013-04-07T18:26:22Z" finished-at="2013-04-07T18:26:22Z">
          <reporter-output>
          </reporter-output>
        </test-method> <!-- parallelTest2 -->
        <test-method status="PASS" signature="parallelTest1()[pri:0, instance:com.tw.ParallelTest@76f8968f]" name="parallelTest1" duration-ms="307" started-at="2013-04-07T18:26:22Z" finished-at="2013-04-07T18:26:23Z">
          <reporter-output>
          </reporter-output>
        </test-method> <!-- parallelTest1 -->
        <test-method status="PASS" signature="parallelTest2()[pri:0, instance:com.tw.ParallelTest@76f8968f]" name="parallelTest2" duration-ms="202" started-at="2013-04-07T18:26:22Z" finished-at="2013-04-07T18:26:23Z">
          <reporter-output>
          </reporter-output>
        </test-method> <!-- parallelTest2 -->
        <test-method status="PASS" signature="parallelTest3()[pri:0, instance:com.tw.ParallelTest@76f8968f]" name="parallelTest3" duration-ms="201" started-at="2013-04-07T18:26:22Z" finished-at="2013-04-07T18:26:23Z">
          <reporter-output>
          </reporter-output>
        </test-method> <!-- parallelTest3 -->
        <test-method status="PASS" signature="parallelTest1()[pri:0, instance:com.tw.ParallelTest@76f8968f]" name="parallelTest1" duration-ms="302" started-at="2013-04-07T18:26:23Z" finished-at="2013-04-07T18:26:23Z">
          <reporter-output>
          </reporter-output>
        </test-method> <!-- parallelTest1 -->
        <test-method status="PASS" signature="parallelTest4()[pri:0, instance:com.tw.ParallelTest@76f8968f]" name="parallelTest4" duration-ms="302" started-at="2013-04-07T18:26:23Z" finished-at="2013-04-07T18:26:23Z">
          <reporter-output>
          </reporter-output>
        </test-method> <!-- parallelTest4 -->
        <test-method status="PASS" signature="parallelTest3()[pri:0, instance:com.tw.ParallelTest@76f8968f]" name="parallelTest3" duration-ms="202" started-at="2013-04-07T18:26:23Z" finished-at="2013-04-07T18:26:23Z">
          <reporter-output>
          </reporter-output>
        </test-method> <!-- parallelTest3 -->
        <test-method status="PASS" signature="parallelTest2()[pri:0, instance:com.tw.ParallelTest@76f8968f]" name="parallelTest2" duration-ms="202" started-at="2013-04-07T18:26:23Z" finished-at="2013-04-07T18:26:23Z">
          <reporter-output>
          </reporter-output>
        </test-method> <!-- parallelTest2 -->
        <test-method status="PASS" signature="parallelTest1()[pri:0, instance:com.tw.ParallelTest@76f8968f]" name="parallelTest1" duration-ms="301" started-at="2013-04-07T18:26:23Z" finished-at="2013-04-07T18:26:23Z">
          <reporter-output>
          </reporter-output>
        </test-method> <!-- parallelTest1 -->
        <test-method status="PASS" signature="parallelTest4()[pri:0, instance:com.tw.ParallelTest@76f8968f]" name="parallelTest4" duration-ms="301" started-at="2013-04-07T18:26:23Z" finished-at="2013-04-07T18:26:23Z">
          <reporter-output>
          </reporter-output>
        </test-method> <!-- parallelTest4 -->
        <test-method status="PASS" signature="parallelTest3()[pri:0, instance:com.tw.ParallelTest@76f8968f]" name="parallelTest3" duration-ms="202" started-at="2013-04-07T18:26:23Z" finished-at="2013-04-07T18:26:23Z">
          <reporter-output>
          </reporter-output>
        </test-method> <!-- parallelTest3 -->
        <test-method status="PASS" signature="parallelTest2()[pri:0, instance:com.tw.ParallelTest@76f8968f]" name="parallelTest2" duration-ms="202" started-at="2013-04-07T18:26:23Z" finished-at="2013-04-07T18:26:23Z">
          <reporter-output>
          </reporter-output>
        </test-method> <!-- parallelTest2 -->
        <test-method status="PASS" signature="parallelTest3()[pri:0, instance:com.tw.ParallelTest@76f8968f]" name="parallelTest3" duration-ms="201" started-at="2013-04-07T18:26:23Z" finished-at="2013-04-07T18:26:23Z">
          <reporter-output>
          </reporter-output>
        </test-method> <!-- parallelTest3 -->
        <test-method status="PASS" signature="parallelTest2()[pri:0, instance:com.tw.ParallelTest@76f8968f]" name="parallelTest2" duration-ms="201" started-at="2013-04-07T18:26:23Z" finished-at="2013-04-07T18:26:23Z">
          <reporter-output>
          </reporter-output>
        </test-method> <!-- parallelTest2 -->
        <test-method status="PASS" signature="parallelTest4()[pri:0, instance:com.tw.ParallelTest@76f8968f]" name="parallelTest4" duration-ms="302" started-at="2013-04-07T18:26:23Z" finished-at="2013-04-07T18:26:23Z">
          <reporter-output>
          </reporter-output>
        </test-method> <!-- parallelTest4 -->
        <test-method status="PASS" signature="parallelTest1()[pri:0, instance:com.tw.ParallelTest@76f8968f]" name="parallelTest1" duration-ms="302" started-at="2013-04-07T18:26:23Z" finished-at="2013-04-07T18:26:23Z">
          <reporter-output>
          </reporter-output>
        </test-method> <!-- parallelTest1 -->
        <test-method status="PASS" signature="parallelTest2()[pri:0, instance:com.tw.ParallelTest@76f8968f]" name="parallelTest2" duration-ms="201" started-at="2013-04-07T18:26:23Z" finished-at="2013-04-07T18:26:23Z">
          <reporter-output>
          </reporter-output>
        </test-method> <!-- parallelTest2 -->
        <test-method status="PASS" signature="parallelTest1()[pri:0, instance:com.tw.ParallelTest@76f8968f]" name="parallelTest1" duration-ms="301" started-at="2013-04-07T18:26:23Z" finished-at="2013-04-07T18:26:24Z">
          <reporter-output>
          </reporter-output>
        </test-method> <!-- parallelTest1 -->
        <test-method status="PASS" signature="parallelTest1()[pri:0, instance:com.tw.ParallelTest@76f8968f]" name="parallelTest1" duration-ms="302" started-at="2013-04-07T18:26:24Z" finished-at="2013-04-07T18:26:24Z">
          <reporter-output>
          </reporter-output>
        </test-method> <!-- parallelTest1 -->
        <test-method status="PASS" signature="parallelTest1()[pri:0, instance:com.tw.ParallelTest@76f8968f]" name="parallelTest1" duration-ms="302" started-at="2013-04-07T18:26:24Z" finished-at="2013-04-07T18:26:24Z">
          <reporter-output>
          </reporter-output>
        </test-method> <!-- parallelTest1 -->
        <test-method status="PASS" signature="parallelTest1()[pri:0, instance:com.tw.ParallelTest@76f8968f]" name="parallelTest1" duration-ms="302" started-at="2013-04-07T18:26:24Z" finished-at="2013-04-07T18:26:25Z">
          <reporter-output>
          </reporter-output>
        </test-method> <!-- parallelTest1 -->
        <test-method status="PASS" signature="parallelTest1()[pri:0, instance:com.tw.ParallelTest@76f8968f]" name="parallelTest1" duration-ms="301" started-at="2013-04-07T18:26:25Z" finished-at="2013-04-07T18:26:25Z">
          <reporter-output>
          </reporter-output>
        </test-method> <!-- parallelTest1 -->
        <test-method status="PASS" signature="parallelTest1()[pri:0, instance:com.tw.ParallelTest@76f8968f]" name="parallelTest1" duration-ms="302" started-at="2013-04-07T18:26:25Z" finished-at="2013-04-07T18:26:25Z">
          <reporter-output>
          </reporter-output>
        </test-method> <!-- parallelTest1 -->
      </class> <!-- com.tw.ParallelTest -->
    </test> <!-- Ant test -->
  </suite> <!-- Ant suite -->
</testng-results>
