<?xml version="1.0" encoding="UTF-8"?>
<!-- Generated by org.testng.reporters.JUnitXMLReporter -->
<testsuite hostname="prasann.local" name="Ant test" tests="25" failures="0" timestamp="7 Apr 2013 16:26:25 GMT" time="3.044" errors="0">
  <testcase name="parallelTest3" time="0.209" classname="com.tw.ParallelTest"/>
  <testcase name="parallelTest2" time="0.209" classname="com.tw.ParallelTest"/>
  <testcase name="parallelTest1" time="0.307" classname="com.tw.ParallelTest"/>
  <testcase name="parallelTest4" time="0.307" classname="com.tw.ParallelTest"/>
  <testcase name="parallelTest2" time="0.202" classname="com.tw.ParallelTest"/>
  <testcase name="parallelTest3" time="0.201" classname="com.tw.ParallelTest"/>
  <testcase name="parallelTest4" time="0.302" classname="com.tw.ParallelTest"/>
  <testcase name="parallelTest1" time="0.302" classname="com.tw.ParallelTest"/>
  <testcase name="parallelTest2" time="0.202" classname="com.tw.ParallelTest"/>
  <testcase name="parallelTest3" time="0.202" classname="com.tw.ParallelTest"/>
  <testcase name="parallelTest3" time="0.202" classname="com.tw.ParallelTest"/>
  <testcase name="parallelTest2" time="0.202" classname="com.tw.ParallelTest"/>
  <testcase name="parallelTest1" time="0.301" classname="com.tw.ParallelTest"/>
  <testcase name="parallelTest4" time="0.301" classname="com.tw.ParallelTest"/>
  <testcase name="parallelTest3" time="0.201" classname="com.tw.ParallelTest"/>
  <testcase name="parallelTest2" time="0.201" classname="com.tw.ParallelTest"/>
  <testcase name="parallelTest1" time="0.302" classname="com.tw.ParallelTest"/>
  <testcase name="parallelTest4" time="0.302" classname="com.tw.ParallelTest"/>
  <testcase name="parallelTest2" time="0.201" classname="com.tw.ParallelTest"/>
  <testcase name="parallelTest1" time="0.301" classname="com.tw.ParallelTest"/>
  <testcase name="parallelTest1" time="0.302" classname="com.tw.ParallelTest"/>
  <testcase name="parallelTest1" time="0.302" classname="com.tw.ParallelTest"/>
  <testcase name="parallelTest1" time="0.302" classname="com.tw.ParallelTest"/>
  <testcase name="parallelTest1" time="0.301" classname="com.tw.ParallelTest"/>
  <testcase name="parallelTest1" time="0.302" classname="com.tw.ParallelTest"/>
</testsuite> <!-- Ant test -->
